<?xml version="1.0" encoding="UTF-8"?>
<coverage generated="1675254332655" clover="3.2.0">
  <project timestamp="1675254332655" name="All files">
    <metrics statements="47" coveredstatements="47" conditionals="34" coveredconditionals="34" methods="8" coveredmethods="8" elements="89" coveredelements="89" complexity="0" loc="47" ncloc="47" packages="1" files="1" classes="1"/>
    <file name="Password.js" path="/Users/leandro/Documents/studio_sol/prova/dist/src/Password.js">
      <metrics statements="47" coveredstatements="47" conditionals="34" coveredconditionals="34" methods="8" coveredmethods="8"/>
      <line num="3" count="1" type="stmt"/>
      <line num="6" count="22" type="stmt"/>
      <line num="7" count="22" type="stmt"/>
      <line num="8" count="32" type="cond" truecount="2" falsecount="0"/>
      <line num="9" count="31" type="stmt"/>
      <line num="12" count="22" type="cond" truecount="2" falsecount="0"/>
      <line num="13" count="13" type="stmt"/>
      <line num="17" count="4" type="cond" truecount="2" falsecount="0"/>
      <line num="18" count="2" type="stmt"/>
      <line num="21" count="6" type="cond" truecount="2" falsecount="0"/>
      <line num="22" count="1" type="stmt"/>
      <line num="23" count="5" type="stmt"/>
      <line num="24" count="5" type="cond" truecount="2" falsecount="0"/>
      <line num="25" count="2" type="stmt"/>
      <line num="26" count="2" type="stmt"/>
      <line num="28" count="3" type="cond" truecount="2" falsecount="0"/>
      <line num="29" count="1" type="stmt"/>
      <line num="32" count="5" type="cond" truecount="2" falsecount="0"/>
      <line num="33" count="1" type="stmt"/>
      <line num="34" count="4" type="stmt"/>
      <line num="35" count="4" type="cond" truecount="2" falsecount="0"/>
      <line num="36" count="1" type="stmt"/>
      <line num="37" count="1" type="stmt"/>
      <line num="39" count="3" type="cond" truecount="2" falsecount="0"/>
      <line num="40" count="1" type="stmt"/>
      <line num="43" count="5" type="cond" truecount="2" falsecount="0"/>
      <line num="44" count="1" type="stmt"/>
      <line num="45" count="4" type="stmt"/>
      <line num="46" count="4" type="cond" truecount="2" falsecount="0"/>
      <line num="47" count="1" type="stmt"/>
      <line num="48" count="1" type="stmt"/>
      <line num="50" count="3" type="cond" truecount="2" falsecount="0"/>
      <line num="51" count="1" type="stmt"/>
      <line num="54" count="6" type="cond" truecount="2" falsecount="0"/>
      <line num="55" count="1" type="stmt"/>
      <line num="56" count="5" type="stmt"/>
      <line num="57" count="5" type="cond" truecount="2" falsecount="0"/>
      <line num="58" count="2" type="stmt"/>
      <line num="59" count="2" type="stmt"/>
      <line num="61" count="3" type="cond" truecount="2" falsecount="0"/>
      <line num="62" count="1" type="stmt"/>
      <line num="65" count="5" type="cond" truecount="2" falsecount="0"/>
      <line num="66" count="1" type="stmt"/>
      <line num="67" count="4" type="stmt"/>
      <line num="68" count="26" type="cond" truecount="2" falsecount="0"/>
      <line num="69" count="2" type="stmt"/>
      <line num="74" count="1" type="stmt"/>
    </file>
  </project>
</coverage>
