{"/Users/leandro/Documents/studio_sol/prova/dist/src/Password.js": {"path":"/Users/leandro/Documents/studio_sol/prova/dist/src/Password.js","statementMap":{"0":{"start":{"line":3,"column":0},"end":{"line":3,"column":62}},"1":{"start":{"line":6,"column":8},"end":{"line":6,"column":25}},"2":{"start":{"line":7,"column":8},"end":{"line":11,"column":11}},"3":{"start":{"line":8,"column":12},"end":{"line":10,"column":13}},"4":{"start":{"line":9,"column":16},"end":{"line":9,"column":71}},"5":{"start":{"line":12,"column":8},"end":{"line":14,"column":9}},"6":{"start":{"line":13,"column":12},"end":{"line":13,"column":34}},"7":{"start":{"line":17,"column":8},"end":{"line":18,"column":40}},"8":{"start":{"line":18,"column":12},"end":{"line":18,"column":40}},"9":{"start":{"line":21,"column":8},"end":{"line":22,"column":19}},"10":{"start":{"line":22,"column":12},"end":{"line":22,"column":19}},"11":{"start":{"line":23,"column":27},"end":{"line":23,"column":51}},"12":{"start":{"line":24,"column":8},"end":{"line":27,"column":9}},"13":{"start":{"line":25,"column":12},"end":{"line":25,"column":45}},"14":{"start":{"line":26,"column":12},"end":{"line":26,"column":19}},"15":{"start":{"line":28,"column":8},"end":{"line":29,"column":45}},"16":{"start":{"line":29,"column":12},"end":{"line":29,"column":45}},"17":{"start":{"line":32,"column":8},"end":{"line":33,"column":19}},"18":{"start":{"line":33,"column":12},"end":{"line":33,"column":19}},"19":{"start":{"line":34,"column":27},"end":{"line":34,"column":51}},"20":{"start":{"line":35,"column":8},"end":{"line":38,"column":9}},"21":{"start":{"line":36,"column":12},"end":{"line":36,"column":45}},"22":{"start":{"line":37,"column":12},"end":{"line":37,"column":19}},"23":{"start":{"line":39,"column":8},"end":{"line":40,"column":45}},"24":{"start":{"line":40,"column":12},"end":{"line":40,"column":45}},"25":{"start":{"line":43,"column":8},"end":{"line":44,"column":19}},"26":{"start":{"line":44,"column":12},"end":{"line":44,"column":19}},"27":{"start":{"line":45,"column":23},"end":{"line":45,"column":47}},"28":{"start":{"line":46,"column":8},"end":{"line":49,"column":9}},"29":{"start":{"line":47,"column":12},"end":{"line":47,"column":41}},"30":{"start":{"line":48,"column":12},"end":{"line":48,"column":19}},"31":{"start":{"line":50,"column":8},"end":{"line":51,"column":41}},"32":{"start":{"line":51,"column":12},"end":{"line":51,"column":41}},"33":{"start":{"line":54,"column":8},"end":{"line":55,"column":19}},"34":{"start":{"line":55,"column":12},"end":{"line":55,"column":19}},"35":{"start":{"line":56,"column":29},"end":{"line":56,"column":73}},"36":{"start":{"line":57,"column":8},"end":{"line":60,"column":9}},"37":{"start":{"line":58,"column":12},"end":{"line":58,"column":48}},"38":{"start":{"line":59,"column":12},"end":{"line":59,"column":19}},"39":{"start":{"line":61,"column":8},"end":{"line":62,"column":48}},"40":{"start":{"line":62,"column":12},"end":{"line":62,"column":48}},"41":{"start":{"line":65,"column":8},"end":{"line":66,"column":19}},"42":{"start":{"line":66,"column":12},"end":{"line":66,"column":19}},"43":{"start":{"line":67,"column":8},"end":{"line":71,"column":9}},"44":{"start":{"line":67,"column":21},"end":{"line":67,"column":22}},"45":{"start":{"line":68,"column":12},"end":{"line":70,"column":13}},"46":{"start":{"line":69,"column":16},"end":{"line":69,"column":46}},"47":{"start":{"line":74,"column":0},"end":{"line":74,"column":27}}},"fnMap":{"0":{"name":"(anonymous_0)","decl":{"start":{"line":5,"column":4},"end":{"line":5,"column":5}},"loc":{"start":{"line":5,"column":33},"end":{"line":15,"column":5}},"line":5},"1":{"name":"(anonymous_1)","decl":{"start":{"line":7,"column":18},"end":{"line":7,"column":19}},"loc":{"start":{"line":7,"column":28},"end":{"line":11,"column":9}},"line":7},"2":{"name":"(anonymous_2)","decl":{"start":{"line":16,"column":4},"end":{"line":16,"column":5}},"loc":{"start":{"line":16,"column":29},"end":{"line":19,"column":5}},"line":16},"3":{"name":"(anonymous_3)","decl":{"start":{"line":20,"column":4},"end":{"line":20,"column":5}},"loc":{"start":{"line":20,"column":34},"end":{"line":30,"column":5}},"line":20},"4":{"name":"(anonymous_4)","decl":{"start":{"line":31,"column":4},"end":{"line":31,"column":5}},"loc":{"start":{"line":31,"column":34},"end":{"line":41,"column":5}},"line":31},"5":{"name":"(anonymous_5)","decl":{"start":{"line":42,"column":4},"end":{"line":42,"column":5}},"loc":{"start":{"line":42,"column":30},"end":{"line":52,"column":5}},"line":42},"6":{"name":"(anonymous_6)","decl":{"start":{"line":53,"column":4},"end":{"line":53,"column":5}},"loc":{"start":{"line":53,"column":37},"end":{"line":63,"column":5}},"line":53},"7":{"name":"(anonymous_7)","decl":{"start":{"line":64,"column":4},"end":{"line":64,"column":5}},"loc":{"start":{"line":64,"column":31},"end":{"line":72,"column":5}},"line":64}},"branchMap":{"0":{"loc":{"start":{"line":8,"column":12},"end":{"line":10,"column":13}},"type":"if","locations":[{"start":{"line":8,"column":12},"end":{"line":10,"column":13}},{"start":{},"end":{}}],"line":8},"1":{"loc":{"start":{"line":12,"column":8},"end":{"line":14,"column":9}},"type":"if","locations":[{"start":{"line":12,"column":8},"end":{"line":14,"column":9}},{"start":{},"end":{}}],"line":12},"2":{"loc":{"start":{"line":17,"column":8},"end":{"line":18,"column":40}},"type":"if","locations":[{"start":{"line":17,"column":8},"end":{"line":18,"column":40}},{"start":{},"end":{}}],"line":17},"3":{"loc":{"start":{"line":21,"column":8},"end":{"line":22,"column":19}},"type":"if","locations":[{"start":{"line":21,"column":8},"end":{"line":22,"column":19}},{"start":{},"end":{}}],"line":21},"4":{"loc":{"start":{"line":24,"column":8},"end":{"line":27,"column":9}},"type":"if","locations":[{"start":{"line":24,"column":8},"end":{"line":27,"column":9}},{"start":{},"end":{}}],"line":24},"5":{"loc":{"start":{"line":28,"column":8},"end":{"line":29,"column":45}},"type":"if","locations":[{"start":{"line":28,"column":8},"end":{"line":29,"column":45}},{"start":{},"end":{}}],"line":28},"6":{"loc":{"start":{"line":32,"column":8},"end":{"line":33,"column":19}},"type":"if","locations":[{"start":{"line":32,"column":8},"end":{"line":33,"column":19}},{"start":{},"end":{}}],"line":32},"7":{"loc":{"start":{"line":35,"column":8},"end":{"line":38,"column":9}},"type":"if","locations":[{"start":{"line":35,"column":8},"end":{"line":38,"column":9}},{"start":{},"end":{}}],"line":35},"8":{"loc":{"start":{"line":39,"column":8},"end":{"line":40,"column":45}},"type":"if","locations":[{"start":{"line":39,"column":8},"end":{"line":40,"column":45}},{"start":{},"end":{}}],"line":39},"9":{"loc":{"start":{"line":43,"column":8},"end":{"line":44,"column":19}},"type":"if","locations":[{"start":{"line":43,"column":8},"end":{"line":44,"column":19}},{"start":{},"end":{}}],"line":43},"10":{"loc":{"start":{"line":46,"column":8},"end":{"line":49,"column":9}},"type":"if","locations":[{"start":{"line":46,"column":8},"end":{"line":49,"column":9}},{"start":{},"end":{}}],"line":46},"11":{"loc":{"start":{"line":50,"column":8},"end":{"line":51,"column":41}},"type":"if","locations":[{"start":{"line":50,"column":8},"end":{"line":51,"column":41}},{"start":{},"end":{}}],"line":50},"12":{"loc":{"start":{"line":54,"column":8},"end":{"line":55,"column":19}},"type":"if","locations":[{"start":{"line":54,"column":8},"end":{"line":55,"column":19}},{"start":{},"end":{}}],"line":54},"13":{"loc":{"start":{"line":57,"column":8},"end":{"line":60,"column":9}},"type":"if","locations":[{"start":{"line":57,"column":8},"end":{"line":60,"column":9}},{"start":{},"end":{}}],"line":57},"14":{"loc":{"start":{"line":61,"column":8},"end":{"line":62,"column":48}},"type":"if","locations":[{"start":{"line":61,"column":8},"end":{"line":62,"column":48}},{"start":{},"end":{}}],"line":61},"15":{"loc":{"start":{"line":65,"column":8},"end":{"line":66,"column":19}},"type":"if","locations":[{"start":{"line":65,"column":8},"end":{"line":66,"column":19}},{"start":{},"end":{}}],"line":65},"16":{"loc":{"start":{"line":68,"column":12},"end":{"line":70,"column":13}},"type":"if","locations":[{"start":{"line":68,"column":12},"end":{"line":70,"column":13}},{"start":{},"end":{}}],"line":68}},"s":{"0":1,"1":22,"2":22,"3":32,"4":31,"5":22,"6":13,"7":4,"8":2,"9":6,"10":1,"11":5,"12":5,"13":2,"14":2,"15":3,"16":1,"17":5,"18":1,"19":4,"20":4,"21":1,"22":1,"23":3,"24":1,"25":5,"26":1,"27":4,"28":4,"29":1,"30":1,"31":3,"32":1,"33":6,"34":1,"35":5,"36":5,"37":2,"38":2,"39":3,"40":1,"41":5,"42":1,"43":4,"44":4,"45":26,"46":2,"47":1},"f":{"0":22,"1":32,"2":4,"3":6,"4":5,"5":5,"6":6,"7":5},"b":{"0":[31,1],"1":[13,9],"2":[2,2],"3":[1,5],"4":[2,3],"5":[1,2],"6":[1,4],"7":[1,3],"8":[1,2],"9":[1,4],"10":[1,3],"11":[1,2],"12":[1,5],"13":[2,3],"14":[1,2],"15":[1,4],"16":[2,24]},"_coverageSchema":"1a1c01bbd47fc00a2c39e90264f33305004495a9","hash":"8b575e7c24fc3d000c28bccc906744197f67c27b"}
}
