TN:
SF:dist/src/Password.js
FN:5,(anonymous_0)
FN:7,(anonymous_1)
FN:16,(anonymous_2)
FN:20,(anonymous_3)
FN:31,(anonymous_4)
FN:42,(anonymous_5)
FN:53,(anonymous_6)
FN:64,(anonymous_7)
FNF:8
FNH:8
FNDA:22,(anonymous_0)
FNDA:32,(anonymous_1)
FNDA:4,(anonymous_2)
FNDA:6,(anonymous_3)
FNDA:5,(anonymous_4)
FNDA:5,(anonymous_5)
FNDA:6,(anonymous_6)
FNDA:5,(anonymous_7)
DA:3,1
DA:6,22
DA:7,22
DA:8,32
DA:9,31
DA:12,22
DA:13,13
DA:17,4
DA:18,2
DA:21,6
DA:22,1
DA:23,5
DA:24,5
DA:25,2
DA:26,2
DA:28,3
DA:29,1
DA:32,5
DA:33,1
DA:34,4
DA:35,4
DA:36,1
DA:37,1
DA:39,3
DA:40,1
DA:43,5
DA:44,1
DA:45,4
DA:46,4
DA:47,1
DA:48,1
DA:50,3
DA:51,1
DA:54,6
DA:55,1
DA:56,5
DA:57,5
DA:58,2
DA:59,2
DA:61,3
DA:62,1
DA:65,5
DA:66,1
DA:67,4
DA:68,26
DA:69,2
DA:74,1
LF:47
LH:47
BRDA:8,0,0,31
BRDA:8,0,1,1
BRDA:12,1,0,13
BRDA:12,1,1,9
BRDA:17,2,0,2
BRDA:17,2,1,2
BRDA:21,3,0,1
BRDA:21,3,1,5
BRDA:24,4,0,2
BRDA:24,4,1,3
BRDA:28,5,0,1
BRDA:28,5,1,2
BRDA:32,6,0,1
BRDA:32,6,1,4
BRDA:35,7,0,1
BRDA:35,7,1,3
BRDA:39,8,0,1
BRDA:39,8,1,2
BRDA:43,9,0,1
BRDA:43,9,1,4
BRDA:46,10,0,1
BRDA:46,10,1,3
BRDA:50,11,0,1
BRDA:50,11,1,2
BRDA:54,12,0,1
BRDA:54,12,1,5
BRDA:57,13,0,2
BRDA:57,13,1,3
BRDA:61,14,0,1
BRDA:61,14,1,2
BRDA:65,15,0,1
BRDA:65,15,1,4
BRDA:68,16,0,2
BRDA:68,16,1,24
BRF:34
BRH:34
end_of_record
